


[INIT GAME]
[INIT GAME]

[INIT GAME]

[INIT GAME]

[INIT GAME]

[INIT GAME]

[INIT GAME]

[INIT GAME]

[INIT GAME]

[INIT GAME]

[INIT GAME]

[INIT GAME]

[INIT GAME]

[INIT GAME]

[INIT GAME]

[INIT GAME]

[INIT GAME]

[INIT GAME]

[INIT GAME]

[INIT GAME]

[INIT GAME]

[INIT GAME]

[INIT GAME]

[INIT GAME]

[INIT GAME]

[INIT GAME]

[INIT GAME]

[INIT GAME]

[INIT GAME]

[INIT GAME]

[INIT GAME]

[INIT GAME]

[INIT GAME]

[INIT GAME]

[INIT GAME]

[INIT GAME]

[INIT GAME]

[INIT GAME]

[INIT GAME]

[INIT GAME]

[INIT GAME]

[INIT GAME]

[INIT GAME]

[INIT GAME]

[INIT GAME]

[INIT GAME]

[INIT GAME]

[INIT GAME]

[INIT GAME]

[INIT GAME]

[INIT GAME]

[INIT GAME]

[INIT GAME]

[INIT GAME]

[INIT GAME]

[INIT GAME]

[INIT GAME]

[INIT GAME]

[INIT GAME]

[INIT GAME]

[INIT GAME]

[INIT GAME]

[INIT GAME]

[INIT GAME]

[INIT GAME]

[INIT GAME]

[INIT GAME]

[INIT GAME]

[INIT GAME]

[INIT GAME]

[INIT GAME]

[INIT GAME]

[INIT GAME]

[INIT GAME]

[INIT GAME]

[INIT GAME]

[INIT GAME]

[INIT GAME]

[INIT GAME]

[INIT GAME]

[INIT GAME]

[INIT GAME]

[INIT GAME]

[INIT GAME]

[INIT GAME]

[INIT GAME]

[INIT GAME]

[INIT GAME]

[INIT GAME]

[INIT GAME]

[INIT GAME]

[INIT GAME]

[INIT GAME]

[INIT GAME]

[INIT GAME]

[INIT GAME]

[INIT GAME]

[INIT GAME]

[INIT GAME]
[INFO] Thu Jan 14 22:04:20 2021
 - 
Init Game
[INFO] Thu Jan 14 22:04:24 2021
 - Create wall
[INFO] Thu Jan 14 22:04:24 2021
 - Add to memory
[INFO] Thu Jan 14 22:04:28 2021
 - Create wall
[INFO] Thu Jan 14 22:04:28 2021
 - Add to memory
[INFO] Thu Jan 14 22:04:32 2021
 - Create wall
[INFO] Thu Jan 14 22:04:32 2021
 - Add to memory
[INFO] Thu Jan 14 22:04:36 2021
 - Create wall
[INFO] Thu Jan 14 22:04:36 2021
 - Add to memory
[INFO] Thu Jan 14 22:04:40 2021
 - Create wall
[INFO] Thu Jan 14 22:04:40 2021
 - Add to memory
[INFO] Thu Jan 14 22:04:44 2021
 - Create wall
[INFO] Thu Jan 14 22:04:44 2021
 - Add to memory
[INFO] Thu Jan 14 22:04:47 2021
 - Clear wall memory
[INFO] Thu Jan 14 22:04:47 2021
 - Add to memory
[INFO] Thu Jan 14 22:04:47 2021
 - Add to memory
[INFO] Thu Jan 14 22:04:48 2021
 - Create wall
[INFO] Thu Jan 14 22:04:48 2021
 - Add to memory
[INFO] Thu Jan 14 22:04:52 2021
 - Create wall
[INFO] Thu Jan 14 22:04:52 2021
 - Add to memory
[INFO] Thu Jan 14 22:04:56 2021
 - Create wall
[INFO] Thu Jan 14 22:04:56 2021
 - Add to memory
[INFO] Thu Jan 14 22:05:00 2021
 - Create wall
[INFO] Thu Jan 14 22:05:00 2021
 - Add to memory
[INFO] Thu Jan 14 22:05:03 2021
 - Clear wall memory
[INFO] Thu Jan 14 22:05:03 2021
 - Add to memory
[INFO] Thu Jan 14 22:05:03 2021
 - Add to memory
[INFO] Thu Jan 14 22:05:04 2021
 - Create wall
[INFO] Thu Jan 14 22:05:04 2021
 - Add to memory
[INFO] 1610658686 - 
Init Main

[INFO] 1610658686 - Success to find debug file

[INFO] 1610658686 - SDL version 2.0.14

[INFO] 1610658686 - Init Game
[INFO] 1610658691 - Create wall
[INFO] 1610658691 - Add to memory
[INFO] Thu Jan 14 22:16:15 2021
 - 
Init Main

[INFO] Thu Jan 14 22:16:15 2021
 - Success to find debug file

[INFO] Thu Jan 14 22:16:15 2021
 - SDL version 2.0.14

[INFO] Thu Jan 14 22:16:15 2021
 - Init Game
[INFO] Thu Jan 14 22:16:19 2021
 - Create wall
[INFO] Thu Jan 14 22:16:19 2021
 - Add to memory
[INFO] Thu Jan 14 22:16:37 2021
 - 
Init Main

[INFO] Thu Jan 14 22:16:37 2021
 - Success to find debug file

[INFO] Thu Jan 14 22:16:37 2021
 - SDL version 2.0.14

[INFO] Thu Jan 14 22:16:37 2021
 - Init Game
[INFO] Thu Jan 14 22:16:41 2021
 - Create wall
[INFO] Thu Jan 14 22:16:41 2021
 - Add to memory
[INFO] Thu Jan 14 22:16:45 2021
 - Create wall
[INFO] Thu Jan 14 22:16:45 2021
 - Add to memory
[INFO] Thu Jan 14 22:17:10 2021
 - 
Init Main

[INFO] Thu Jan 14 22:17:10 2021
 - Success to find debug file

[INFO] Thu Jan 14 22:17:10 2021
 - SDL version 2.0.14

[INFO] Thu Jan 14 22:17:10 2021
 - Init Game
[INFO] Thu Jan 14 22:17:14 2021
 - Create wall
[INFO] Thu Jan 14 22:17:14 2021
 - Add to memory
[INFO] Thu Jan 14 22:17:18 2021
 - Create wall
[INFO] Thu Jan 14 22:17:18 2021
 - Add to memory
[INFO] Thu Jan 14 22:17:22 2021
 - Create wall
[INFO] Thu Jan 14 22:17:22 2021
 - Add to memory
[INFO] Thu Jan 14 22:17:26 2021
 - Create wall
[INFO] Thu Jan 14 22:17:26 2021
 - Add to memory
[INFO] Thu Jan 14 22:17:30 2021
 - Create wall
[INFO] Thu Jan 14 22:17:30 2021
 - Add to memory
[INFO] Thu Jan 14 22:20:34 2021
 - 
Init Main

[INFO] Thu Jan 14 22:20:34 2021
 - Success to find debug file

[INFO] Thu Jan 14 22:20:34 2021
 - SDL version 2.0.14

[INFO] Thu Jan 14 22:20:34 2021
 - Init Game
[INFO] Thu Jan 14 22:20:38 2021
 - Create wall
[INFO] Thu Jan 14 22:20:38 2021
 - Add to memory
[INFO] Thu Jan 14 22:20:42 2021
 - Create wall
[INFO] Thu Jan 14 22:20:42 2021
 - Add to memory
[INFO] Thu Jan 14 22:20:46 2021
 - Create wall
[INFO] Thu Jan 14 22:20:46 2021
 - Add to memory
[INFO] Thu Jan 14 22:20:50 2021
 - Create wall
[INFO] Thu Jan 14 22:20:50 2021
 - Add to memory
[INFO] Thu Jan 14 22:20:54 2021
 - Create wall
[INFO] Thu Jan 14 22:20:54 2021
 - Add to memory
[INFO] Thu Jan 14 22:20:58 2021
 - Create wall
[INFO] Thu Jan 14 22:20:58 2021
 - Add to memory
[INFO] Thu Jan 14 22:21:01 2021
 - Clear wall memory
[INFO] Thu Jan 14 22:21:01 2021
 - Add to memory
[INFO] Thu Jan 14 22:21:01 2021
 - Add to memory
[INFO] Thu Jan 14 22:21:02 2021
 - GameOver score:  8
[INFO] Thu Jan 14 22:21:40 2021
 - 
Init Main

[INFO] Thu Jan 14 22:21:40 2021
 - Success to find debug file

[INFO] Thu Jan 14 22:21:40 2021
 - SDL version 2.0.14

[INFO] Thu Jan 14 22:21:40 2021
 - Init Game
[INFO] Thu Jan 14 22:21:44 2021
 - Create wall
[INFO] Thu Jan 14 22:21:44 2021
 - Add to memory
[INFO] Thu Jan 14 22:21:48 2021
 - Create wall
[INFO] Thu Jan 14 22:21:48 2021
 - Add to memory
[INFO] Thu Jan 14 22:21:52 2021
 - Create wall
[INFO] Thu Jan 14 22:21:52 2021
 - Add to memory
[INFO] Thu Jan 14 22:21:56 2021
 - Create wall
[INFO] Thu Jan 14 22:21:56 2021
 - Add to memory
[INFO] Thu Jan 14 22:22:00 2021
 - Create wall
[INFO] Thu Jan 14 22:22:00 2021
 - Add to memory
[INFO] Thu Jan 14 22:22:04 2021
 - Create wall
[INFO] Thu Jan 14 22:22:04 2021
 - Add to memory
[INFO] Thu Jan 14 22:22:07 2021
 - Clear wall memory
[INFO] Thu Jan 14 22:22:07 2021
 - Add to memory
[INFO] Thu Jan 14 22:22:07 2021
 - Add to memory
[INFO] Thu Jan 14 22:22:08 2021
 - Create wall
[INFO] Thu Jan 14 22:22:08 2021
 - Add to memory
[INFO] Thu Jan 14 22:22:12 2021
 - Create wall
[INFO] Thu Jan 14 22:22:12 2021
 - Add to memory
[INFO] Thu Jan 14 22:22:16 2021
 - Create wall
[INFO] Thu Jan 14 22:22:16 2021
 - Add to memory
[INFO] Thu Jan 14 22:22:20 2021
 - Create wall
[INFO] Thu Jan 14 22:22:20 2021
 - Add to memory
[INFO] Thu Jan 14 22:22:24 2021
 - Create wall
[INFO] Thu Jan 14 22:22:24 2021
 - Add to memory
[INFO] Thu Jan 14 22:22:27 2021
 - Clear wall memory
[INFO] Thu Jan 14 22:22:27 2021
 - Add to memory
[INFO] Thu Jan 14 22:22:27 2021
 - Add to memory
[INFO] Thu Jan 14 22:22:28 2021
 - Create wall
[INFO] Thu Jan 14 22:22:28 2021
 - Add to memory
[INFO] Thu Jan 14 22:22:32 2021
 - Create wall
[INFO] Thu Jan 14 22:22:32 2021
 - Add to memory
[INFO] Thu Jan 14 22:22:36 2021
 - Create wall
[INFO] Thu Jan 14 22:22:36 2021
 - Add to memory
[INFO] Thu Jan 14 22:22:37 2021
 - GameOver score:  18
[INFO] Thu Jan 14 22:23:15 2021
 - 
Init Main

[INFO] Thu Jan 14 22:23:15 2021
 - Success to find debug file

[INFO] Thu Jan 14 22:23:15 2021
 - SDL version 2.0.14

[INFO] Thu Jan 14 22:23:15 2021
 - Init Game
[INFO] Thu Jan 14 22:23:19 2021
 - Create wall
[INFO] Thu Jan 14 22:23:19 2021
 - Add to memory
[INFO] Thu Jan 14 22:26:28 2021
 - 
Init Main

[INFO] Thu Jan 14 22:26:28 2021
 - Success to find debug file

[INFO] Thu Jan 14 22:26:28 2021
 - SDL version 2.0.14

[INFO] Thu Jan 14 22:26:28 2021
 - Init Game
[INFO] Thu Jan 14 22:26:28 2021
 - Success to init SDL
[INFO] Thu Jan 14 22:26:28 2021
 - Success to init Audio
[INFO] Thu Jan 14 22:26:28 2021
 - Success to create window
[INFO] Thu Jan 14 22:26:28 2021
 - Success to create renderer
[INFO] Thu Jan 14 22:26:32 2021
 - Create wall
[INFO] Thu Jan 14 22:26:32 2021
 - Add to memory
[INFO] Thu Jan 14 22:26:35 2021
 - GameOver score:  1
[INFO] Thu Jan 14 22:26:52 2021
 - 
Init Main

[INFO] Thu Jan 14 22:26:52 2021
 - Success to find debug file

[INFO] Thu Jan 14 22:26:52 2021
 - SDL version 2.0.14

[INFO] Thu Jan 14 22:26:52 2021
 - Init Game
[INFO] Thu Jan 14 22:26:52 2021
 - Success to init SDL
[INFO] Thu Jan 14 22:26:52 2021
 - Success to init Audio
[INFO] Thu Jan 14 22:26:52 2021
 - Success to create window
[INFO] Thu Jan 14 22:26:52 2021
 - Success to create renderer
[INFO] Thu Jan 14 22:27:16 2021
 - 
Init Main

[INFO] Thu Jan 14 22:27:16 2021
 - Success to find debug file

[INFO] Thu Jan 14 22:27:16 2021
 - SDL version 2.0.14

[INFO] Thu Jan 14 22:27:16 2021
 - Init Game
[INFO] Thu Jan 14 22:27:16 2021
 - Success to init SDL
[INFO] Thu Jan 14 22:27:16 2021
 - Success to init Audio
[INFO] Thu Jan 14 22:27:16 2021
 - Success to create window
[INFO] Thu Jan 14 22:27:16 2021
 - Success to create renderer
[INFO] Thu Jan 14 22:27:21 2021
 - Create wall
[INFO] Thu Jan 14 22:27:21 2021
 - Add to memory
[INFO] Thu Jan 14 22:27:24 2021
 - GameOver score:  1
[INFO] Thu Jan 14 22:28:03 2021
 - 
Init Main

[INFO] Thu Jan 14 22:28:03 2021
 - Success to find debug file

[INFO] Thu Jan 14 22:28:03 2021
 - SDL version 2.0.14

[INFO] Thu Jan 14 22:28:03 2021
 - Init Game
[INFO] Thu Jan 14 22:28:03 2021
 - Success to init SDL
[INFO] Thu Jan 14 22:28:03 2021
 - Success to init Audio
[INFO] Thu Jan 14 22:28:03 2021
 - Success to create window
[INFO] Thu Jan 14 22:28:03 2021
 - Success to create renderer
[INFO] Thu Jan 14 22:28:07 2021
 - Create wall
[INFO] Thu Jan 14 22:28:07 2021
 - Add to memory
[INFO] Thu Jan 14 22:28:11 2021
 - Create wall
[INFO] Thu Jan 14 22:28:11 2021
 - Add to memory
[INFO] Thu Jan 14 22:28:15 2021
 - Create wall
[INFO] Thu Jan 14 22:28:15 2021
 - Add to memory
[INFO] Thu Jan 14 22:29:07 2021
 - 
Init Main

[INFO] Thu Jan 14 22:29:07 2021
 - Success to find debug file

[INFO] Thu Jan 14 22:29:07 2021
 - SDL version 2.0.14

[INFO] Thu Jan 14 22:29:07 2021
 - Init Game
[INFO] Thu Jan 14 22:29:07 2021
 - Success to init SDL
[INFO] Thu Jan 14 22:29:07 2021
 - Success to init Audio
[INFO] Thu Jan 14 22:29:07 2021
 - Success to create window
[INFO] Thu Jan 14 22:29:07 2021
 - Success to create renderer
[INFO] Thu Jan 14 22:29:11 2021
 - Create wall
[INFO] Thu Jan 14 22:29:11 2021
 - Add to memory
[INFO] Thu Jan 14 22:29:14 2021
 - GameOver score:  1
[INFO] Thu Jan 14 22:29:21 2021
 - 
Init Main

[INFO] Thu Jan 14 22:29:21 2021
 - Success to find debug file

[INFO] Thu Jan 14 22:29:21 2021
 - SDL version 2.0.14

[INFO] Thu Jan 14 22:29:21 2021
 - Init Game
[INFO] Thu Jan 14 22:29:21 2021
 - Success to init SDL
[INFO] Thu Jan 14 22:29:21 2021
 - Success to init Audio
[INFO] Thu Jan 14 22:29:21 2021
 - Success to create window
[INFO] Thu Jan 14 22:29:21 2021
 - Success to create renderer
[INFO] Thu Jan 14 22:31:28 2021
 - 
Init Main

[INFO] Thu Jan 14 22:31:28 2021
 - Success to find debug file

[INFO] Thu Jan 14 22:31:28 2021
 - SDL version 2.0.14

[INFO] Thu Jan 14 22:31:28 2021
 - Init Game
[INFO] Thu Jan 14 22:31:28 2021
 - Success to init SDL
[INFO] Thu Jan 14 22:31:28 2021
 - Success to init Audio
[INFO] Thu Jan 14 22:31:28 2021
 - Success to create window
[INFO] Thu Jan 14 22:31:28 2021
 - Success to create renderer
[INFO] Thu Jan 14 22:33:28 2021
 - 
Init Main

[INFO] Thu Jan 14 22:33:28 2021
 - Success to find debug file

[INFO] Thu Jan 14 22:33:28 2021
 - SDL version 2.0.14

[INFO] Thu Jan 14 22:33:28 2021
 - Init Game
[INFO] Thu Jan 14 22:33:28 2021
 - Success to init SDL
[INFO] Thu Jan 14 22:33:28 2021
 - Success to init Audio
[INFO] Thu Jan 14 22:33:28 2021
 - Success to create window
[INFO] Thu Jan 14 22:33:28 2021
 - Success to create renderer
[INFO] Thu Jan 14 22:33:58 2021
 - 
Init Main

[INFO] Thu Jan 14 22:33:58 2021
 - Success to find debug file

[INFO] Thu Jan 14 22:33:58 2021
 - SDL version 2.0.14

[INFO] Thu Jan 14 22:33:58 2021
 - Init Game
[INFO] Thu Jan 14 22:33:58 2021
 - Success to init SDL
[INFO] Thu Jan 14 22:33:58 2021
 - Success to init Audio
[INFO] Thu Jan 14 22:33:58 2021
 - Success to create window
[INFO] Thu Jan 14 22:33:58 2021
 - Success to create renderer
[INFO] Thu Jan 14 22:34:02 2021
 - Create wall
[INFO] Thu Jan 14 22:34:02 2021
 - Add to memory
[INFO] Thu Jan 14 22:34:07 2021
 - Create wall
[INFO] Thu Jan 14 22:34:07 2021
 - Add to memory
[INFO] Thu Jan 14 22:34:11 2021
 - Create wall
[INFO] Thu Jan 14 22:34:11 2021
 - Add to memory
[INFO] Thu Jan 14 22:36:37 2021
 - 
Init Main

[INFO] Thu Jan 14 22:36:37 2021
 - Success to find debug file

[INFO] Thu Jan 14 22:36:37 2021
 - SDL version 2.0.14

[INFO] Thu Jan 14 22:36:37 2021
 - Init Game
[INFO] Thu Jan 14 22:36:37 2021
 - Success to init SDL
[INFO] Thu Jan 14 22:36:37 2021
 - Success to init Audio
[INFO] Thu Jan 14 22:36:37 2021
 - Success to create window
[INFO] Thu Jan 14 22:36:37 2021
 - Success to create renderer
[INFO] Thu Jan 14 22:36:41 2021
 - Create wall
[INFO] Thu Jan 14 22:36:41 2021
 - Add to memory
[INFO] Thu Jan 14 22:36:45 2021
 - Create wall
[INFO] Thu Jan 14 22:36:45 2021
 - Add to memory
[INFO] Thu Jan 14 22:36:54 2021
 - 
Init Main

[INFO] Thu Jan 14 22:36:54 2021
 - Success to find debug file

[INFO] Thu Jan 14 22:36:54 2021
 - SDL version 2.0.14

[INFO] Thu Jan 14 22:36:54 2021
 - Init Game
[INFO] Thu Jan 14 22:36:54 2021
 - Success to init SDL
[INFO] Thu Jan 14 22:36:54 2021
 - Success to init Audio
[INFO] Thu Jan 14 22:36:54 2021
 - Success to create window
[INFO] Thu Jan 14 22:36:54 2021
 - Success to create renderer
[INFO] Thu Jan 14 22:36:59 2021
 - Create wall
[INFO] Thu Jan 14 22:36:59 2021
 - Add to memory
[INFO] Thu Jan 14 22:37:03 2021
 - Create wall
[INFO] Thu Jan 14 22:37:03 2021
 - Add to memory
[INFO] Thu Jan 14 22:37:07 2021
 - Create wall
[INFO] Thu Jan 14 22:37:07 2021
 - Add to memory
[INFO] Thu Jan 14 22:37:16 2021
 - 
Init Main

[INFO] Thu Jan 14 22:37:16 2021
 - Success to find debug file

[INFO] Thu Jan 14 22:37:16 2021
 - SDL version 2.0.14

[INFO] Thu Jan 14 22:37:16 2021
 - Init Game
[INFO] Thu Jan 14 22:37:16 2021
 - Success to init SDL
[INFO] Thu Jan 14 22:37:16 2021
 - Success to init Audio
[INFO] Thu Jan 14 22:37:16 2021
 - Success to create window
[INFO] Thu Jan 14 22:37:17 2021
 - Success to create renderer
[INFO] Thu Jan 14 22:37:21 2021
 - Create wall
[INFO] Thu Jan 14 22:37:21 2021
 - Add to memory
[INFO] Thu Jan 14 22:37:25 2021
 - Create wall
[INFO] Thu Jan 14 22:37:25 2021
 - Add to memory
[INFO] Thu Jan 14 22:37:29 2021
 - Create wall
[INFO] Thu Jan 14 22:37:29 2021
 - Add to memory
[INFO] Thu Jan 14 22:37:33 2021
 - GameOver score:  3
[INFO] Thu Jan 14 22:38:11 2021
 - 
Init Main

[INFO] Thu Jan 14 22:38:11 2021
 - Success to find debug file

[INFO] Thu Jan 14 22:38:11 2021
 - SDL version 2.0.14

[INFO] Thu Jan 14 22:38:11 2021
 - Init Game
[INFO] Thu Jan 14 22:38:11 2021
 - Success to init SDL
[INFO] Thu Jan 14 22:38:11 2021
 - Success to init Audio
[INFO] Thu Jan 14 22:38:11 2021
 - Success to create window
[INFO] Thu Jan 14 22:38:11 2021
 - Success to create renderer
[INFO] Thu Jan 14 22:38:16 2021
 - Create wall
[INFO] Thu Jan 14 22:38:16 2021
 - Add to memory
[INFO] Thu Jan 14 22:38:20 2021
 - Create wall
[INFO] Thu Jan 14 22:38:20 2021
 - Add to memory
[INFO] Thu Jan 14 22:38:24 2021
 - Create wall
[INFO] Thu Jan 14 22:38:24 2021
 - Add to memory
[INFO] Thu Jan 14 22:38:28 2021
 - Create wall
[INFO] Thu Jan 14 22:38:28 2021
 - Add to memory
[INFO] Thu Jan 14 22:39:24 2021
 - 
Init Main

[INFO] Thu Jan 14 22:39:24 2021
 - Success to find debug file

[INFO] Thu Jan 14 22:39:24 2021
 - SDL version 2.0.14

[INFO] Thu Jan 14 22:39:24 2021
 - Init Game
[INFO] Thu Jan 14 22:39:24 2021
 - Success to init SDL
[INFO] Thu Jan 14 22:39:24 2021
 - Success to init Audio
[INFO] Thu Jan 14 22:39:24 2021
 - Success to create window
[INFO] Thu Jan 14 22:39:24 2021
 - Success to create renderer
[INFO] Thu Jan 14 22:39:29 2021
 - Create wall
[INFO] Thu Jan 14 22:39:29 2021
 - Add to memory
[INFO] Thu Jan 14 22:39:33 2021
 - Create wall
[INFO] Thu Jan 14 22:39:33 2021
 - Add to memory
[INFO] Thu Jan 14 22:39:42 2021
 - 
Init Main

[INFO] Thu Jan 14 22:39:42 2021
 - Success to find debug file

[INFO] Thu Jan 14 22:39:42 2021
 - SDL version 2.0.14

[INFO] Thu Jan 14 22:39:42 2021
 - Init Game
[INFO] Thu Jan 14 22:39:42 2021
 - Success to init SDL
[INFO] Thu Jan 14 22:39:42 2021
 - Success to init Audio
[INFO] Thu Jan 14 22:39:42 2021
 - Success to create window
[INFO] Thu Jan 14 22:39:42 2021
 - Success to create renderer
[INFO] Thu Jan 14 22:39:46 2021
 - Create wall
[INFO] Thu Jan 14 22:39:46 2021
 - Add to memory
[INFO] Thu Jan 14 22:40:13 2021
 - 
Init Main

[INFO] Thu Jan 14 22:40:13 2021
 - Success to find debug file

[INFO] Thu Jan 14 22:40:13 2021
 - SDL version 2.0.14

[INFO] Thu Jan 14 22:40:13 2021
 - Init Game
[INFO] Thu Jan 14 22:40:13 2021
 - Success to init SDL
[INFO] Thu Jan 14 22:40:13 2021
 - Success to init Audio
[INFO] Thu Jan 14 22:40:13 2021
 - Success to create window
[INFO] Thu Jan 14 22:40:13 2021
 - Success to create renderer
[INFO] Thu Jan 14 22:40:17 2021
 - Create wall
[INFO] Thu Jan 14 22:40:17 2021
 - Add to memory
[INFO] Thu Jan 14 22:40:32 2021
 - 
Init Main

[INFO] Thu Jan 14 22:40:32 2021
 - Success to find debug file

[INFO] Thu Jan 14 22:40:32 2021
 - SDL version 2.0.14

[INFO] Thu Jan 14 22:40:32 2021
 - Init Game
[INFO] Thu Jan 14 22:40:32 2021
 - Success to init SDL
[INFO] Thu Jan 14 22:40:32 2021
 - Success to init Audio
[INFO] Thu Jan 14 22:40:32 2021
 - Success to create window
[INFO] Thu Jan 14 22:40:32 2021
 - Success to create renderer
[INFO] Thu Jan 14 22:40:36 2021
 - Create wall
[INFO] Thu Jan 14 22:40:36 2021
 - Add to memory
[INFO] Thu Jan 14 22:40:40 2021
 - Create wall
[INFO] Thu Jan 14 22:40:40 2021
 - Add to memory
[INFO] Thu Jan 14 22:40:44 2021
 - Create wall
[INFO] Thu Jan 14 22:40:44 2021
 - Add to memory
[INFO] Thu Jan 14 22:40:48 2021
 - Create wall
[INFO] Thu Jan 14 22:40:48 2021
 - Add to memory
[INFO] Thu Jan 14 22:40:52 2021
 - Create wall
[INFO] Thu Jan 14 22:40:52 2021
 - Add to memory
[INFO] Thu Jan 14 22:40:56 2021
 - Create wall
[INFO] Thu Jan 14 22:40:56 2021
 - Add to memory
[INFO] Thu Jan 14 22:40:59 2021
 - Clear wall memory
[INFO] Thu Jan 14 22:40:59 2021
 - Add to memory
[INFO] Thu Jan 14 22:40:59 2021
 - Add to memory
[INFO] Thu Jan 14 22:41:00 2021
 - Create wall
[INFO] Thu Jan 14 22:41:00 2021
 - Add to memory
[INFO] Thu Jan 14 22:41:04 2021
 - Create wall
[INFO] Thu Jan 14 22:41:04 2021
 - Add to memory
[INFO] Thu Jan 14 22:41:08 2021
 - Create wall
[INFO] Thu Jan 14 22:41:08 2021
 - Add to memory
[INFO] Thu Jan 14 22:41:12 2021
 - Create wall
[INFO] Thu Jan 14 22:41:12 2021
 - Add to memory
[INFO] Thu Jan 14 22:41:13 2021
 - GameOver score:  12
[INFO] Thu Jan 14 22:42:45 2021
 - 
Init Main

[INFO] Thu Jan 14 22:42:45 2021
 - Success to find debug file

[INFO] Thu Jan 14 22:42:45 2021
 - SDL version 2.0.14

[INFO] Thu Jan 14 22:42:45 2021
 - Init Game
[INFO] Thu Jan 14 22:42:45 2021
 - Success to init SDL
[INFO] Thu Jan 14 22:42:45 2021
 - Success to init Audio
[INFO] Thu Jan 14 22:42:45 2021
 - Success to create window
[INFO] Thu Jan 14 22:42:45 2021
 - Success to create renderer
[INFO] Thu Jan 14 22:46:18 2021
 - 
Init Main

[INFO] Thu Jan 14 22:46:18 2021
 - Success to find debug file

[INFO] Thu Jan 14 22:46:18 2021
 - SDL version 2.0.14

[INFO] Thu Jan 14 22:46:18 2021
 - Init Game
[INFO] Thu Jan 14 22:46:18 2021
 - Success to init SDL
[INFO] Thu Jan 14 22:46:18 2021
 - Success to init Audio
[INFO] Thu Jan 14 22:46:18 2021
 - Success to create window
[INFO] Thu Jan 14 22:46:18 2021
 - Success to create renderer
[INFO] Thu Jan 14 22:51:06 2021
 - 
Init Main

[INFO] Thu Jan 14 22:51:06 2021
 - Success to find debug file

[INFO] Thu Jan 14 22:51:06 2021
 - SDL version 2.0.14

[INFO] Thu Jan 14 22:51:06 2021
 - Init Game
[INFO] Thu Jan 14 22:51:06 2021
 - Success to init SDL
[INFO] Thu Jan 14 22:51:06 2021
 - Success to init Audio
[INFO] Thu Jan 14 22:51:06 2021
 - Success to create window
[INFO] Thu Jan 14 22:51:06 2021
 - Success to create renderer
[INFO] Thu Jan 14 22:51:10 2021
 - Create wall
[INFO] Thu Jan 14 22:51:10 2021
 - Add to memory
[INFO] Thu Jan 14 22:51:14 2021
 - Create wall
[INFO] Thu Jan 14 22:51:14 2021
 - Add to memory
[INFO] Thu Jan 14 22:51:18 2021
 - Create wall
[INFO] Thu Jan 14 22:51:18 2021
 - Add to memory
[INFO] Thu Jan 14 22:51:22 2021
 - GameOver score:  3
[INFO] Thu Jan 14 22:52:30 2021
 - 
Init Main

[INFO] Thu Jan 14 22:52:30 2021
 - Success to find debug file

[INFO] Thu Jan 14 22:52:30 2021
 - SDL version 2.0.14

[INFO] Thu Jan 14 22:52:30 2021
 - Init Game
[INFO] Thu Jan 14 22:52:30 2021
 - Success to init SDL
[INFO] Thu Jan 14 22:52:30 2021
 - Success to init Audio
[INFO] Thu Jan 14 22:52:30 2021
 - Success to create window
[INFO] Thu Jan 14 22:52:30 2021
 - Success to create renderer
[INFO] Thu Jan 14 22:52:34 2021
 - Create wall
[INFO] Thu Jan 14 22:52:34 2021
 - Add to memory
[INFO] Thu Jan 14 22:52:39 2021
 - Create wall
[INFO] Thu Jan 14 22:52:39 2021
 - Add to memory
[INFO] Thu Jan 14 22:52:42 2021
 - GameOver score:  2
[INFO] Thu Jan 14 22:52:44 2021
 - 
Init Main

[INFO] Thu Jan 14 22:52:44 2021
 - Success to find debug file

[INFO] Thu Jan 14 22:52:44 2021
 - SDL version 2.0.14

[INFO] Thu Jan 14 22:52:44 2021
 - Init Game
[INFO] Thu Jan 14 22:52:44 2021
 - Success to init SDL
[INFO] Thu Jan 14 22:52:44 2021
 - Success to init Audio
[INFO] Thu Jan 14 22:52:44 2021
 - Success to create window
[INFO] Thu Jan 14 22:52:44 2021
 - Success to create renderer
[INFO] Thu Jan 14 22:52:48 2021
 - Create wall
[INFO] Thu Jan 14 22:52:48 2021
 - Add to memory
[INFO] Thu Jan 14 22:53:30 2021
 - 
Init Main

[INFO] Thu Jan 14 22:53:30 2021
 - Success to find debug file

[INFO] Thu Jan 14 22:53:30 2021
 - SDL version 2.0.14

[INFO] Thu Jan 14 22:53:30 2021
 - Init Game
[INFO] Thu Jan 14 22:53:30 2021
 - Success to init SDL
[INFO] Thu Jan 14 22:53:30 2021
 - Success to init Audio
[INFO] Thu Jan 14 22:53:30 2021
 - Success to create window
[INFO] Thu Jan 14 22:53:30 2021
 - Success to create renderer
[INFO] Thu Jan 14 22:53:34 2021
 - Create wall
[INFO] Thu Jan 14 22:53:34 2021
 - Add to memory
[INFO] Thu Jan 14 22:53:38 2021
 - Create wall
[INFO] Thu Jan 14 22:53:38 2021
 - Add to memory
[INFO] Thu Jan 14 22:53:42 2021
 - GameOver score:  2
[INFO] Thu Jan 14 22:53:50 2021
 - 
Init Main

[INFO] Thu Jan 14 22:53:50 2021
 - Success to find debug file

[INFO] Thu Jan 14 22:53:50 2021
 - SDL version 2.0.14

[INFO] Thu Jan 14 22:53:50 2021
 - Init Game
[INFO] Thu Jan 14 22:53:50 2021
 - Success to init SDL
[INFO] Thu Jan 14 22:53:50 2021
 - Success to init Audio
[INFO] Thu Jan 14 22:53:50 2021
 - Success to create window
[INFO] Thu Jan 14 22:53:50 2021
 - Success to create renderer
[INFO] Thu Jan 14 22:53:54 2021
 - Create wall
[INFO] Thu Jan 14 22:53:54 2021
 - Add to memory
[INFO] Thu Jan 14 22:53:58 2021
 - Create wall
[INFO] Thu Jan 14 22:53:58 2021
 - Add to memory
[INFO] Thu Jan 14 22:54:02 2021
 - Create wall
[INFO] Thu Jan 14 22:54:02 2021
 - Add to memory
[INFO] Thu Jan 14 22:54:06 2021
 - Create wall
[INFO] Thu Jan 14 22:54:06 2021
 - Add to memory
[INFO] Thu Jan 14 23:04:58 2021
 - 
Init Main

[INFO] Thu Jan 14 23:04:58 2021
 - Success to find debug file

[INFO] Thu Jan 14 23:04:58 2021
 - SDL version 2.0.14

[INFO] Thu Jan 14 23:04:58 2021
 - Init Game
[INFO] Thu Jan 14 23:04:58 2021
 - Success to init SDL
[INFO] Thu Jan 14 23:04:58 2021
 - Success to init Audio
[INFO] Thu Jan 14 23:04:58 2021
 - Success to create window
[INFO] Thu Jan 14 23:04:58 2021
 - Success to create renderer
[INFO] Thu Jan 14 23:05:02 2021
 - Create wall
[INFO] Thu Jan 14 23:05:02 2021
 - Add to memory
[INFO] Thu Jan 14 23:05:06 2021
 - Create wall
[INFO] Thu Jan 14 23:05:06 2021
 - Add to memory
[INFO] Thu Jan 14 23:05:10 2021
 - Create wall
[INFO] Thu Jan 14 23:05:10 2021
 - Add to memory
[INFO] Thu Jan 14 23:05:14 2021
 - Create wall
[INFO] Thu Jan 14 23:05:14 2021
 - Add to memory
[INFO] Thu Jan 14 23:05:18 2021
 - Create wall
[INFO] Thu Jan 14 23:05:18 2021
 - Add to memory
[INFO] Thu Jan 14 23:05:22 2021
 - Create wall
[INFO] Thu Jan 14 23:05:22 2021
 - Add to memory
[INFO] Thu Jan 14 23:05:25 2021
 - Clear wall memory
[INFO] Thu Jan 14 23:05:25 2021
 - Add to memory
[INFO] Thu Jan 14 23:05:25 2021
 - Add to memory
[INFO] Thu Jan 14 23:05:41 2021
 - 
Init Main

[INFO] Thu Jan 14 23:05:41 2021
 - Success to find debug file

[INFO] Thu Jan 14 23:05:41 2021
 - SDL version 2.0.14

[INFO] Thu Jan 14 23:05:41 2021
 - Init Game
[INFO] Thu Jan 14 23:05:41 2021
 - Success to init SDL
[INFO] Thu Jan 14 23:05:41 2021
 - Success to init Audio
[INFO] Thu Jan 14 23:05:41 2021
 - Success to create window
[INFO] Thu Jan 14 23:05:41 2021
 - Success to create renderer
[INFO] Thu Jan 14 23:05:48 2021
 - 
Init Main

[INFO] Thu Jan 14 23:05:48 2021
 - Success to find debug file

[INFO] Thu Jan 14 23:05:48 2021
 - SDL version 2.0.14

[INFO] Thu Jan 14 23:05:48 2021
 - Init Game
[INFO] Thu Jan 14 23:05:48 2021
 - Success to init SDL
[INFO] Thu Jan 14 23:05:48 2021
 - Success to init Audio
[INFO] Thu Jan 14 23:05:48 2021
 - Success to create window
[INFO] Thu Jan 14 23:05:48 2021
 - Success to create renderer
[INFO] Thu Jan 14 23:05:52 2021
 - Create wall
[INFO] Thu Jan 14 23:05:52 2021
 - Add to memory
[INFO] Thu Jan 14 23:05:56 2021
 - Create wall
[INFO] Thu Jan 14 23:05:56 2021
 - Add to memory
[INFO] Thu Jan 14 23:06:00 2021
 - Create wall
[INFO] Thu Jan 14 23:06:00 2021
 - Add to memory
[INFO] Thu Jan 14 23:06:04 2021
 - Create wall
[INFO] Thu Jan 14 23:06:04 2021
 - Add to memory
[INFO] Thu Jan 14 23:06:08 2021
 - Create wall
[INFO] Thu Jan 14 23:06:08 2021
 - Add to memory
[INFO] Thu Jan 14 23:06:12 2021
 - Create wall
[INFO] Thu Jan 14 23:06:12 2021
 - Add to memory
[INFO] Thu Jan 14 23:06:15 2021
 - Clear wall memory
[INFO] Thu Jan 14 23:06:15 2021
 - Add to memory
[INFO] Thu Jan 14 23:06:15 2021
 - Add to memory
[INFO] Thu Jan 14 23:06:16 2021
 - Create wall
[INFO] Thu Jan 14 23:06:16 2021
 - Add to memory
[INFO] Thu Jan 14 23:06:20 2021
 - Create wall
[INFO] Thu Jan 14 23:06:20 2021
 - Add to memory
[INFO] Thu Jan 14 23:06:24 2021
 - Create wall
[INFO] Thu Jan 14 23:06:24 2021
 - Add to memory
[INFO] Thu Jan 14 23:06:28 2021
 - Create wall
[INFO] Thu Jan 14 23:06:28 2021
 - Add to memory
[INFO] Thu Jan 14 23:06:31 2021
 - Clear wall memory
[INFO] Thu Jan 14 23:06:31 2021
 - Add to memory
[INFO] Thu Jan 14 23:06:31 2021
 - Add to memory
[INFO] Thu Jan 14 23:06:32 2021
 - Create wall
[INFO] Thu Jan 14 23:06:32 2021
 - Add to memory
[INFO] Thu Jan 14 23:06:36 2021
 - Create wall
[INFO] Thu Jan 14 23:06:36 2021
 - Add to memory
[INFO] Thu Jan 14 23:06:40 2021
 - Create wall
[INFO] Thu Jan 14 23:06:40 2021
 - Add to memory
[INFO] Thu Jan 14 23:06:44 2021
 - Create wall
[INFO] Thu Jan 14 23:06:44 2021
 - Add to memory
[INFO] Thu Jan 14 23:06:47 2021
 - Clear wall memory
[INFO] Thu Jan 14 23:06:47 2021
 - Add to memory
[INFO] Thu Jan 14 23:06:47 2021
 - Add to memory
[INFO] Thu Jan 14 23:06:48 2021
 - GameOver score:  20
[INFO] Thu Jan 14 23:10:38 2021
 - 
Init Main

[INFO] Thu Jan 14 23:10:38 2021
 - Success to find debug file

[INFO] Thu Jan 14 23:10:38 2021
 - SDL version 2.0.14

[INFO] Thu Jan 14 23:10:38 2021
 - Init Game
[INFO] Thu Jan 14 23:10:38 2021
 - Success to init SDL
[INFO] Thu Jan 14 23:10:38 2021
 - Success to init Audio
[INFO] Thu Jan 14 23:10:38 2021
 - Success to create window
[INFO] Thu Jan 14 23:10:38 2021
 - Success to create renderer
[INFO] Thu Jan 14 23:10:43 2021
 - 
Init Main

[INFO] Thu Jan 14 23:10:43 2021
 - Success to find debug file

[INFO] Thu Jan 14 23:10:43 2021
 - SDL version 2.0.14

[INFO] Thu Jan 14 23:10:43 2021
 - Init Game
[INFO] Thu Jan 14 23:10:43 2021
 - Success to init SDL
[INFO] Thu Jan 14 23:10:43 2021
 - Success to init Audio
[INFO] Thu Jan 14 23:10:43 2021
 - Success to create window
[INFO] Thu Jan 14 23:10:43 2021
 - Success to create renderer
[INFO] Thu Jan 14 23:10:47 2021
 - Create wall
[INFO] Thu Jan 14 23:10:47 2021
 - Add to memory
[INFO] Thu Jan 14 23:10:51 2021
 - Create wall
[INFO] Thu Jan 14 23:10:51 2021
 - Add to memory
[INFO] Thu Jan 14 23:10:55 2021
 - Create wall
[INFO] Thu Jan 14 23:10:55 2021
 - Add to memory
[INFO] Thu Jan 14 23:10:59 2021
 - Create wall
[INFO] Thu Jan 14 23:10:59 2021
 - Add to memory
[INFO] Thu Jan 14 23:11:03 2021
 - Create wall
[INFO] Thu Jan 14 23:11:03 2021
 - Add to memory
[INFO] Thu Jan 14 23:11:07 2021
 - Create wall
[INFO] Thu Jan 14 23:11:07 2021
 - Add to memory
[INFO] Thu Jan 14 23:11:10 2021
 - Clear wall memory
[INFO] Thu Jan 14 23:11:10 2021
 - Add to memory
[INFO] Thu Jan 14 23:11:10 2021
 - Add to memory
[INFO] Thu Jan 14 23:11:11 2021
 - Create wall
[INFO] Thu Jan 14 23:11:11 2021
 - Add to memory
[INFO] Thu Jan 14 23:11:15 2021
 - Create wall
[INFO] Thu Jan 14 23:11:15 2021
 - Add to memory
[INFO] Thu Jan 14 23:11:19 2021
 - Create wall
[INFO] Thu Jan 14 23:11:19 2021
 - Add to memory
[INFO] Thu Jan 14 23:11:23 2021
 - Create wall
[INFO] Thu Jan 14 23:11:23 2021
 - Add to memory
[INFO] Thu Jan 14 23:11:26 2021
 - Clear wall memory
[INFO] Thu Jan 14 23:11:26 2021
 - Add to memory
[INFO] Thu Jan 14 23:11:26 2021
 - Add to memory
[INFO] Thu Jan 14 23:11:27 2021
 - Create wall
[INFO] Thu Jan 14 23:11:27 2021
 - Add to memory
[INFO] Thu Jan 14 23:11:30 2021
 - Create wall
[INFO] Thu Jan 14 23:11:30 2021
 - Add to memory
[INFO] Thu Jan 14 23:11:34 2021
 - Create wall
[INFO] Thu Jan 14 23:11:34 2021
 - Add to memory
[INFO] Thu Jan 14 23:11:38 2021
 - Create wall
[INFO] Thu Jan 14 23:11:38 2021
 - Add to memory
[INFO] Thu Jan 14 23:11:41 2021
 - Clear wall memory
[INFO] Thu Jan 14 23:11:41 2021
 - Add to memory
[INFO] Thu Jan 14 23:11:41 2021
 - Add to memory
[INFO] Thu Jan 14 23:11:42 2021
 - Create wall
[INFO] Thu Jan 14 23:11:42 2021
 - Add to memory
[INFO] Thu Jan 14 23:11:45 2021
 - Create wall
[INFO] Thu Jan 14 23:11:45 2021
 - Add to memory
[INFO] Thu Jan 14 23:11:49 2021
 - Create wall
[INFO] Thu Jan 14 23:11:49 2021
 - Add to memory
[INFO] Thu Jan 14 23:11:53 2021
 - Create wall
[INFO] Thu Jan 14 23:11:53 2021
 - Add to memory
[INFO] Thu Jan 14 23:11:56 2021
 - Clear wall memory
[INFO] Thu Jan 14 23:11:56 2021
 - Add to memory
[INFO] Thu Jan 14 23:11:56 2021
 - Add to memory
[INFO] Thu Jan 14 23:11:56 2021
 - Create wall
[INFO] Thu Jan 14 23:11:56 2021
 - Add to memory
[INFO] Thu Jan 14 23:12:00 2021
 - Create wall
[INFO] Thu Jan 14 23:12:00 2021
 - Add to memory
[INFO] Thu Jan 14 23:12:03 2021
 - Create wall
[INFO] Thu Jan 14 23:12:03 2021
 - Add to memory
[INFO] Thu Jan 14 23:12:07 2021
 - Create wall
[INFO] Thu Jan 14 23:12:07 2021
 - Add to memory
[INFO] Thu Jan 14 23:12:10 2021
 - Clear wall memory
[INFO] Thu Jan 14 23:12:10 2021
 - Add to memory
[INFO] Thu Jan 14 23:12:10 2021
 - Add to memory
[INFO] Thu Jan 14 23:12:11 2021
 - Create wall
[INFO] Thu Jan 14 23:12:11 2021
 - Add to memory
[INFO] Thu Jan 14 23:12:11 2021
 - GameOver score:  33
[INFO] Thu Jan 14 23:12:22 2021
 - 
Init Main

[INFO] Thu Jan 14 23:12:22 2021
 - Success to find debug file

[INFO] Thu Jan 14 23:12:22 2021
 - SDL version 2.0.14

[INFO] Thu Jan 14 23:12:22 2021
 - Init Game
[INFO] Thu Jan 14 23:12:22 2021
 - Success to init SDL
[INFO] Thu Jan 14 23:12:22 2021
 - Success to init Audio
[INFO] Thu Jan 14 23:12:22 2021
 - Success to create window
[INFO] Thu Jan 14 23:12:22 2021
 - Success to create renderer
[INFO] Thu Jan 14 23:12:26 2021
 - Create wall
[INFO] Thu Jan 14 23:12:26 2021
 - Add to memory
[INFO] Thu Jan 14 23:12:30 2021
 - Create wall
[INFO] Thu Jan 14 23:12:30 2021
 - Add to memory
[INFO] Thu Jan 14 23:12:34 2021
 - Create wall
[INFO] Thu Jan 14 23:12:34 2021
 - Add to memory
[INFO] Thu Jan 14 23:12:38 2021
 - Create wall
[INFO] Thu Jan 14 23:12:38 2021
 - Add to memory
[INFO] Thu Jan 14 23:12:42 2021
 - Create wall
[INFO] Thu Jan 14 23:12:42 2021
 - Add to memory
[INFO] Thu Jan 14 23:12:46 2021
 - Create wall
[INFO] Thu Jan 14 23:12:46 2021
 - Add to memory
[INFO] Thu Jan 14 23:12:49 2021
 - Clear wall memory
[INFO] Thu Jan 14 23:12:49 2021
 - Add to memory
[INFO] Thu Jan 14 23:12:49 2021
 - Add to memory
[INFO] Thu Jan 14 23:12:50 2021
 - Create wall
[INFO] Thu Jan 14 23:12:50 2021
 - Add to memory
[INFO] Thu Jan 14 23:12:53 2021
 - Create wall
[INFO] Thu Jan 14 23:12:53 2021
 - Add to memory
[INFO] Thu Jan 14 23:12:56 2021
 - Create wall
[INFO] Thu Jan 14 23:12:56 2021
 - Add to memory
[INFO] Thu Jan 14 23:12:59 2021
 - Create wall
[INFO] Thu Jan 14 23:12:59 2021
 - Add to memory
[INFO] Thu Jan 14 23:13:02 2021
 - Create wall
[INFO] Thu Jan 14 23:13:02 2021
 - Add to memory
[INFO] Thu Jan 14 23:13:03 2021
 - Clear wall memory
[INFO] Thu Jan 14 23:13:03 2021
 - Add to memory
[INFO] Thu Jan 14 23:13:03 2021
 - Add to memory
[INFO] Thu Jan 14 23:13:06 2021
 - Create wall
[INFO] Thu Jan 14 23:13:06 2021
 - Add to memory
[INFO] Thu Jan 14 23:13:09 2021
 - Create wall
[INFO] Thu Jan 14 23:13:09 2021
 - Add to memory
[INFO] Thu Jan 14 23:13:12 2021
 - Create wall
[INFO] Thu Jan 14 23:13:12 2021
 - Add to memory
[INFO] Thu Jan 14 23:13:15 2021
 - GameOver score:  18
[INFO] Thu Jan 14 23:15:32 2021
 - 
Init Main

[INFO] Thu Jan 14 23:15:32 2021
 - Success to find debug file

[INFO] Thu Jan 14 23:15:32 2021
 - SDL version 2.0.14

[INFO] Thu Jan 14 23:15:32 2021
 - Init Game
[INFO] Thu Jan 14 23:15:32 2021
 - Success to init SDL
[INFO] Thu Jan 14 23:15:32 2021
 - Success to init Audio
[INFO] Thu Jan 14 23:15:32 2021
 - Success to create window
[INFO] Thu Jan 14 23:15:32 2021
 - Success to create renderer
[INFO] Thu Jan 14 23:15:36 2021
 - Create wall
[INFO] Thu Jan 14 23:15:36 2021
 - Add to memory
[INFO] Thu Jan 14 23:15:40 2021
 - Create wall
[INFO] Thu Jan 14 23:15:40 2021
 - Add to memory
[INFO] Thu Jan 14 23:15:44 2021
 - Create wall
[INFO] Thu Jan 14 23:15:44 2021
 - Add to memory
[INFO] Thu Jan 14 23:15:48 2021
 - Create wall
[INFO] Thu Jan 14 23:15:48 2021
 - Add to memory
[INFO] Thu Jan 14 23:15:52 2021
 - Create wall
[INFO] Thu Jan 14 23:15:52 2021
 - Add to memory
[INFO] Thu Jan 14 23:15:56 2021
 - Create wall
[INFO] Thu Jan 14 23:15:56 2021
 - Add to memory
[INFO] Thu Jan 14 23:16:00 2021
 - Create wall
[INFO] Thu Jan 14 23:16:00 2021
 - Add to memory
[INFO] Thu Jan 14 23:16:02 2021
 - GameOver score:  7
[INFO] Thu Jan 14 23:16:18 2021
 - 
Init Main

[INFO] Thu Jan 14 23:16:18 2021
 - Success to find debug file

[INFO] Thu Jan 14 23:16:18 2021
 - SDL version 2.0.14

[INFO] Thu Jan 14 23:16:18 2021
 - Init Game
[INFO] Thu Jan 14 23:16:18 2021
 - Success to init SDL
[INFO] Thu Jan 14 23:16:18 2021
 - Success to init Audio
[INFO] Thu Jan 14 23:16:18 2021
 - Success to create window
[INFO] Thu Jan 14 23:16:18 2021
 - Success to create renderer
[INFO] Thu Jan 14 23:16:28 2021
 - 
Init Main

[INFO] Thu Jan 14 23:16:28 2021
 - Success to find debug file

[INFO] Thu Jan 14 23:16:28 2021
 - SDL version 2.0.14

[INFO] Thu Jan 14 23:16:28 2021
 - Init Game
[INFO] Thu Jan 14 23:16:28 2021
 - Success to init SDL
[INFO] Thu Jan 14 23:16:28 2021
 - Success to init Audio
[INFO] Thu Jan 14 23:16:28 2021
 - Success to create window
[INFO] Thu Jan 14 23:16:28 2021
 - Success to create renderer
[INFO] Thu Jan 14 23:16:32 2021
 - Create wall
[INFO] Thu Jan 14 23:16:32 2021
 - Add to memory
[INFO] Thu Jan 14 23:16:36 2021
 - Create wall
[INFO] Thu Jan 14 23:16:36 2021
 - Add to memory
[INFO] Thu Jan 14 23:16:40 2021
 - Create wall
[INFO] Thu Jan 14 23:16:40 2021
 - Add to memory
[INFO] Thu Jan 14 23:16:44 2021
 - Create wall
[INFO] Thu Jan 14 23:16:44 2021
 - Add to memory
[INFO] Thu Jan 14 23:16:48 2021
 - Create wall
[INFO] Thu Jan 14 23:16:48 2021
 - Add to memory
[INFO] Thu Jan 14 23:17:04 2021
 - 
Init Main

[INFO] Thu Jan 14 23:17:04 2021
 - Success to find debug file

[INFO] Thu Jan 14 23:17:04 2021
 - SDL version 2.0.14

[INFO] Thu Jan 14 23:17:04 2021
 - Init Game
[INFO] Thu Jan 14 23:17:04 2021
 - Success to init SDL
[INFO] Thu Jan 14 23:17:04 2021
 - Success to init Audio
[INFO] Thu Jan 14 23:17:04 2021
 - Success to create window
[INFO] Thu Jan 14 23:17:04 2021
 - Success to create renderer
[INFO] Thu Jan 14 23:17:08 2021
 - Create wall
[INFO] Thu Jan 14 23:17:08 2021
 - Add to memory
[INFO] Thu Jan 14 23:17:12 2021
 - Create wall
[INFO] Thu Jan 14 23:17:12 2021
 - Add to memory
[INFO] Thu Jan 14 23:17:16 2021
 - Create wall
[INFO] Thu Jan 14 23:17:16 2021
 - Add to memory
[INFO] Thu Jan 14 23:17:57 2021
 - 
Init Main

[INFO] Thu Jan 14 23:17:57 2021
 - Success to find debug file

[INFO] Thu Jan 14 23:17:57 2021
 - SDL version 2.0.14

[INFO] Thu Jan 14 23:17:57 2021
 - Init Game
[INFO] Thu Jan 14 23:17:57 2021
 - Success to init SDL
[INFO] Thu Jan 14 23:17:57 2021
 - Success to init Audio
[INFO] Thu Jan 14 23:17:57 2021
 - Success to create window
[INFO] Thu Jan 14 23:17:57 2021
 - Success to create renderer
[INFO] Thu Jan 14 23:18:02 2021
 - Create wall
[INFO] Thu Jan 14 23:18:02 2021
 - Add to memory
[INFO] Thu Jan 14 23:18:06 2021
 - Create wall
[INFO] Thu Jan 14 23:18:06 2021
 - Add to memory
[INFO] Thu Jan 14 23:18:10 2021
 - Create wall
[INFO] Thu Jan 14 23:18:10 2021
 - Add to memory
[INFO] Thu Jan 14 23:18:14 2021
 - Create wall
[INFO] Thu Jan 14 23:18:14 2021
 - Add to memory
[INFO] Thu Jan 14 23:18:18 2021
 - Create wall
[INFO] Thu Jan 14 23:18:18 2021
 - Add to memory
[INFO] Thu Jan 14 23:18:22 2021
 - Create wall
[INFO] Thu Jan 14 23:18:22 2021
 - Add to memory
[INFO] Thu Jan 14 23:18:25 2021
 - Create wall
[INFO] Thu Jan 14 23:18:25 2021
 - Add to memory
[INFO] Thu Jan 14 23:18:28 2021
 - Clear wall memory
[INFO] Thu Jan 14 23:18:28 2021
 - Add to memory
[INFO] Thu Jan 14 23:18:28 2021
 - Add to memory
[INFO] Thu Jan 14 23:18:29 2021
 - Create wall
[INFO] Thu Jan 14 23:18:29 2021
 - Add to memory
[INFO] Thu Jan 14 23:18:32 2021
 - Create wall
[INFO] Thu Jan 14 23:18:32 2021
 - Add to memory
[INFO] Thu Jan 14 23:18:35 2021
 - Create wall
[INFO] Thu Jan 14 23:18:35 2021
 - Add to memory
[INFO] Thu Jan 14 23:18:39 2021
 - Create wall
[INFO] Thu Jan 14 23:18:39 2021
 - Add to memory
[INFO] Thu Jan 14 23:18:42 2021
 - Create wall
[INFO] Thu Jan 14 23:18:42 2021
 - Add to memory
[INFO] Thu Jan 14 23:18:45 2021
 - Clear wall memory
[INFO] Thu Jan 14 23:18:45 2021
 - Add to memory
[INFO] Thu Jan 14 23:18:45 2021
 - Add to memory
[INFO] Thu Jan 14 23:18:46 2021
 - Create wall
[INFO] Thu Jan 14 23:18:46 2021
 - Add to memory
[INFO] Thu Jan 14 23:18:49 2021
 - Create wall
[INFO] Thu Jan 14 23:18:49 2021
 - Add to memory
[INFO] Thu Jan 14 23:18:50 2021
 - GameOver score:  18
[INFO] Thu Jan 14 23:20:02 2021
 - 
Init Main

[INFO] Thu Jan 14 23:20:02 2021
 - Success to find debug file

[INFO] Thu Jan 14 23:20:03 2021
 - SDL version 2.0.14

[INFO] Thu Jan 14 23:20:03 2021
 - Init Game
[INFO] Thu Jan 14 23:20:03 2021
 - Success to init SDL
[INFO] Thu Jan 14 23:20:03 2021
 - Success to init Audio
[INFO] Thu Jan 14 23:20:03 2021
 - Success to create window
[INFO] Thu Jan 14 23:20:03 2021
 - Success to create renderer
